{
"C:\\New folder\\iflix_coding_test\\lib\\src\\app.js":{"path":"C:\\New folder\\iflix_coding_test\\lib\\src\\app.js","s":{"2":3,"4":3,"6":3,"8":3,"10":3,"14":3,"15":1,"16":9,"17":5,"18":5,"19":5,"20":0,"21":3,"22":3,"23":3,"24":3,"25":3},"f":{"2":9,"3":5,"4":5,"5":0},"l":{"1":3,"2":3,"3":3,"4":3,"5":3,"6":3,"8":1,"9":9,"10":5,"11":5,"15":3,"17":3,"18":3,"19":3,"21":3},"b":{},"statementMap":{"2":{"start":{"line":1,"column":0},"end":{"line":null,"column":null}},"4":{"start":{"line":2,"column":0},"end":{"line":null,"column":null}},"6":{"start":{"line":3,"column":0},"end":{"line":null,"column":null}},"8":{"start":{"line":4,"column":0},"end":{"line":null,"column":null}},"10":{"start":{"line":5,"column":0},"end":{"line":null,"column":null}},"14":{"start":{"line":6,"column":0},"end":{"line":null,"column":null}},"15":{"start":{"line":8,"column":0},"end":{"line":null,"column":null}},"16":{"start":{"line":9,"column":9},"end":{"line":null,"column":null}},"17":{"start":{"line":10,"column":10},"end":{"line":null,"column":null}},"18":{"start":{"line":11,"column":12},"end":{"line":null,"column":null}},"19":{"start":{"line":11,"column":46},"end":{"line":null,"column":null}},"20":{"start":{"line":11,"column":69},"end":{"line":null,"column":null}},"21":{"start":{"line":15,"column":0},"end":{"line":null,"column":null}},"22":{"start":{"line":17,"column":0},"end":{"line":null,"column":null}},"23":{"start":{"line":18,"column":0},"end":{"line":null,"column":null}},"24":{"start":{"line":19,"column":0},"end":{"line":null,"column":null}},"25":{"start":{"line":21,"column":15},"end":{"line":null,"column":null}}},"fnMap":{"2":{"name":"toCallBack","line":8,"loc":{"start":{"line":8,"column":0},"end":{"line":8,"column":29}}},"3":{"name":"(anonymous_3)","line":9,"loc":{"start":{"line":9,"column":9},"end":{"line":9,"column":21}}},"4":{"name":"(anonymous_4)","line":11,"loc":{"start":{"line":11,"column":40},"end":{"line":null,"column":null}}},"5":{"name":"(anonymous_5)","line":11,"loc":{"start":{"line":11,"column":60},"end":{"line":null,"column":null}}}},"branchMap":{}}}
